Arguments: 
  /usr/local/bin/node /usr/local/bin/yarn set version 2.x

PATH: 
  /opt/homebrew/bin:/opt/homebrew/sbin:/Library/Frameworks/Python.framework/Versions/3.9/bin:/usr/local/bin:/usr/bin:/bin:/usr/sbin:/sbin:/Library/Apple/usr/bin:/Users/jenniferduong/.krew/bin

Yarn version: 
  1.22.10

Node version: 
  16.13.0

Platform: 
  darwin x64

Trace: 
  Error: Release not found: 2.x
      at /usr/local/lib/node_modules/yarn/lib/cli.js:89857:17
      at Generator.next (<anonymous>)
      at step (/usr/local/lib/node_modules/yarn/lib/cli.js:310:30)
      at /usr/local/lib/node_modules/yarn/lib/cli.js:321:13
      at processTicksAndRejections (node:internal/process/task_queues:96:5)

npm manifest: 
  No manifest

yarn manifest: 
  No manifest

Lockfile: 
  No lockfile
